<?xml version="1.0" encoding="utf-8"?><testsuites name="pytest tests"><testsuite name="pytest" errors="0" failures="0" skipped="0" tests="13" time="1.596" timestamp="2026-08-07T22:11:34.401815+00:00" hostname="agent-env-84b5cdb2-c808-4c88-ab3c-66da93ccd729"><testcase classname="tests.test_bullion_endpoints.TestBullionFlow" name="test_01_get_rates_returns_defaults_or_persisted" time="0.220" /><testcase classname="tests.test_bullion_endpoints.TestBullionFlow" name="test_02_put_rates_round_trip" time="0.108" /><testcase classname="tests.test_bullion_endpoints.TestBullionFlow" name="test_03_create_trip_full_payload_preserves_all_fields" time="0.050" /><testcase classname="tests.test_bullion_endpoints.TestBullionFlow" name="test_04_create_trip_legacy_slots_mirrors_weight" time="0.049" /><testcase classname="tests.test_bullion_endpoints.TestBullionFlow" name="test_05_list_trips_contains_created" time="0.060" /><testcase classname="tests.test_bullion_endpoints.TestBullionFlow" name="test_06_update_trip_patch_preserves_other_fields" time="0.057" /><testcase classname="tests.test_bullion_endpoints.TestBullionFlow" name="test_07_capture_initial_max_txn" time="0.052" /><testcase classname="tests.test_bullion_endpoints.TestBullionFlow" name="test_08_create_currency_txn_auto_txn_no" time="0.056" /><testcase classname="tests.test_bullion_endpoints.TestBullionFlow" name="test_09_create_gold_txn_increments_txn_no" time="0.048" /><testcase classname="tests.test_bullion_endpoints.TestBullionFlow" name="test_10_create_txn_with_explicit_txn_no_is_kept" time="0.047" /><testcase classname="tests.test_bullion_endpoints.TestBullionFlow" name="test_11_update_txn_status_and_ledger" time="0.054" /><testcase classname="tests.test_bullion_endpoints.TestBullionFlow" name="test_12_delete_txn_and_verify_absent" time="0.264" /><testcase classname="tests.test_bullion_endpoints.TestBullionFlow" name="test_13_delete_trips_cleanup" time="0.199" /></testsuite></testsuites>