<?xml version="1.0" encoding="utf-8"?><testsuites name="pytest tests"><testsuite name="pytest" errors="0" failures="0" skipped="0" tests="19" time="1.443" timestamp="2026-08-07T21:30:56.749650+00:00" hostname="agent-env-84b5cdb2-c808-4c88-ab3c-66da93ccd729"><testcase classname="tests.test_fy_and_ledger.TestFYUtil" name="test_get_fy_key_april_1" time="0.000" /><testcase classname="tests.test_fy_and_ledger.TestLedgerContract" name="test_ledger_endpoint_ok" time="0.443" /><testcase classname="tests.test_fy_and_ledger.TestFYUtil" name="test_get_fy_key_march_31" time="0.000" /><testcase classname="tests.test_fy_and_ledger.TestFYUtil" name="test_is_in_fy_april_1_true" time="0.000" /><testcase classname="tests.test_fy_and_ledger.TestFYUtil" name="test_is_in_fy_march_31_false" time="0.000" /><testcase classname="tests.test_fy_and_ledger.TestFYUtil" name="test_is_in_fy_march_31_true_for_prev" time="0.000" /><testcase classname="tests.test_fy_and_ledger.TestFYUtil" name="test_is_in_fy_last_moment_of_fy" time="0.000" /><testcase classname="tests.test_fy_and_ledger.TestPartiesContract" name="test_parties_list_ok" time="0.706" /><testcase classname="tests.test_fy_and_ledger.TestLedgerContract" name="test_ledger_row_shape" time="0.114" /><testcase classname="tests.test_fy_and_ledger.TestLedgerContract" name="test_ledger_has_inr_and_thb" time="0.141" /><testcase classname="tests.test_fy_and_ledger.TestLedgerContract" name="test_ledger_ref_fields_present_when_expected" time="0.107" /><testcase classname="tests.test_fy_and_ledger.TestPartiesContract" name="test_lalit_present_with_currency_and_charge_fields" time="0.123" /><testcase classname="tests.test_fy_and_ledger.TestLalitRunningBalance" name="test_lalit_has_ledger_entries" time="0.105" /><testcase classname="tests.test_fy_and_ledger.TestPartiesContract" name="test_get_lalit_by_id" time="0.117" /><testcase classname="tests.test_fy_and_ledger.TestLalitRunningBalance" name="test_running_balance_matches_group_sum" time="0.109" /><testcase classname="tests.test_fy_and_ledger.TestRegressionWingmanBullion" name="test_wingman_health" time="0.002" /><testcase classname="tests.test_fy_and_ledger.TestRegressionWingmanBullion" name="test_bullion_rates_has_three_keys" time="0.045" /><testcase classname="tests.test_fy_and_ledger.TestRegressionWingmanBullion" name="test_bullion_trips_list" time="0.043" /><testcase classname="tests.test_fy_and_ledger.TestLalitRunningBalance" name="test_running_balance_current_fy_2026_27" time="0.105" /></testsuite></testsuites>