<?xml version="1.0" encoding="utf-8"?><testsuites name="pytest tests"><testsuite name="pytest" errors="0" failures="0" skipped="0" tests="5" time="1.172" timestamp="2026-08-09T13:15:04.200795+00:00" hostname="agent-env-6ba0f0e6-8f52-4f51-8310-24316114fe5d"><testcase classname="tests.test_iter28_papa_scope.TestPapaLoginCompanyField" name="test_papa_login_returns_company_field" time="0.454" /><testcase classname="tests.test_iter28_papa_scope.TestPapaLoginCompanyField" name="test_papa_me_endpoint_returns_company_field" time="0.312" /><testcase classname="tests.test_iter28_papa_scope.TestAdminLoginNoCompany" name="test_admin_login_company_is_none_or_absent" time="0.270" /><testcase classname="tests.test_iter28_papa_scope.TestBullionTripsScope" name="test_awadh_has_eight_trips" time="0.048" /><testcase classname="tests.test_iter28_papa_scope.TestBullionTripsScope" name="test_singh_exports_has_zero_trips" time="0.043" /></testsuite></testsuites>