<?xml version="1.0" encoding="utf-8"?><testsuites name="pytest tests"><testsuite name="pytest" errors="0" failures="0" skipped="0" tests="5" time="11.740" timestamp="2026-08-10T08:10:37.384184+00:00" hostname="agent-env-dbcbf7b6-9073-4a67-9fa3-0923eb12ce6e"><testcase classname="tests.test_iter50_stt_400.TestBackendLogsCleanIter50" name="test_no_recent_transcribe_audio_attribute_error" time="0.001" /><testcase classname="tests.test_iter50_stt_400.TestSttNoHtmlLeaksThroughPublicIngress" name="test_garbage_bytes_returns_400_json_not_502_html" time="1.787" /><testcase classname="tests.test_iter50_stt_400.TestSttNoHtmlLeaksThroughPublicIngress" name="test_missing_audio_returns_400_json" time="0.045" /><testcase classname="tests.test_iter50_stt_400.TestSttNoHtmlLeaksThroughPublicIngress" name="test_silent_wav_returns_200_empty_text" time="9.115" /><testcase classname="tests.test_iter50_stt_400.TestSttNoHtmlLeaksThroughPublicIngress" name="test_assistant_stt_alias_garbage_bytes_400_not_502" time="0.483" /></testsuite></testsuites>