<?xml version="1.0" encoding="utf-8"?><testsuites name="pytest tests"><testsuite name="pytest" errors="0" failures="0" skipped="0" tests="27" time="8.401" timestamp="2026-08-10T20:58:50.874787+00:00" hostname="agent-env-dbcbf7b6-9073-4a67-9fa3-0923eb12ce6e"><testcase classname="tests.test_iter72_voice_wingman.TestProxiedRegression" name="test_parties" time="0.247" /><testcase classname="tests.test_iter72_voice_wingman.TestWingmanChat" name="test_yashwant_ledger" time="0.479" /><testcase classname="tests.test_iter72_voice_wingman.TestProxiedRegression" name="test_shipments" time="0.116" /><testcase classname="tests.test_iter72_voice_wingman.TestProxiedRegression" name="test_invoices" time="0.112" /><testcase classname="tests.test_iter72_voice_wingman.TestProxiedRegression" name="test_dashboard_stats" time="0.147" /><testcase classname="tests.test_iter72_voice_wingman.TestWingmanChat" name="test_abhishek_balance" time="0.903" /><testcase classname="tests.test_iter72_voice_wingman.TestVoiceMemory" name="test_01_post_upsert" time="0.049" /><testcase classname="tests.test_iter72_voice_wingman.TestVoiceMemory" name="test_02_get_list_contains" time="0.053" /><testcase classname="tests.test_iter72_voice_wingman.TestVoiceMemory" name="test_03_delete" time="0.051" /><testcase classname="tests.test_iter72_voice_wingman.TestVoiceMemory" name="test_04_get_after_delete" time="0.051" /><testcase classname="tests.test_iter72_voice_wingman.TestAuthRegression" name="test_kishan_login" time="0.279" /><testcase classname="tests.test_iter72_voice_wingman.TestRealtimeToken" name="test_generate_token_with_business_context" time="0.863" /><testcase classname="tests.test_iter72_voice_wingman.TestWingmanChat" name="test_lalit_ledger_inr_and_thb" time="0.517" /><testcase classname="tests.test_iter72_voice_wingman.TestWingmanChat" name="test_net_position" time="0.512" /><testcase classname="tests.test_iter72_voice_wingman.TestVoiceQuery" name="test_pending_shipments_metric" time="0.221" /><testcase classname="tests.test_iter72_voice_wingman.TestZCleanup" name="test_cleanup_wingman_saved_memory" time="0.066" /><testcase classname="tests.test_iter72_voice_wingman.TestWingmanChat" name="test_daily_brief" time="0.654" /><testcase classname="tests.test_iter72_voice_wingman.TestWingmanChat" name="test_save_memory" time="0.328" /><testcase classname="tests.test_iter72_voice_wingman.TestWingmanChat" name="test_list_memories" time="0.812" /><testcase classname="tests.test_iter72_voice_wingman.TestWingmanChat" name="test_shipment_query" time="0.488" /><testcase classname="tests.test_iter72_voice_wingman.TestWingmanChat" name="test_invoice_query" time="0.681" /><testcase classname="tests.test_iter72_voice_wingman.TestWingmanChat" name="test_trip_query" time="0.721" /><testcase classname="tests.test_iter72_voice_wingman.TestWingmanChat" name="test_create_form_returns_null_answer" time="0.531" /><testcase classname="tests.test_iter72_voice_wingman.TestWingmanChat" name="test_unknown_intent_falls_back" time="0.475" /><testcase classname="tests.test_iter72_voice_wingman.TestWingmanChat" name="test_fuzzy_ledger_deepak" time="0.499" /><testcase classname="tests.test_iter72_voice_wingman.TestWingmanChat" name="test_empty_message" time="0.062" /><testcase classname="tests.test_iter72_voice_wingman.TestWingmanChat" name="test_unknown_party_ledger" time="0.374" /></testsuite></testsuites>