<?xml version="1.0" encoding="utf-8"?><testsuites name="pytest tests"><testsuite name="pytest" errors="0" failures="0" skipped="0" tests="3" time="1.085" timestamp="2026-08-09T21:14:21.662055+00:00" hostname="agent-env-6ba0f0e6-8f52-4f51-8310-24316114fe5d"><testcase classname="tests.test_iter30_dashboard_layout_sanity" name="test_login_admin_ok" time="0.394" /><testcase classname="tests.test_iter30_dashboard_layout_sanity" name="test_get_parties" time="0.378" /><testcase classname="tests.test_iter30_dashboard_layout_sanity" name="test_get_shipments_post_purge" time="0.218" /></testsuite></testsuites>