<?xml version="1.0" encoding="utf-8"?><testsuites name="pytest tests"><testsuite name="pytest" errors="0" failures="0" skipped="0" tests="8" time="6.958" timestamp="2026-08-08T06:10:17.933886+00:00" hostname="agent-env-84b5cdb2-c808-4c88-ab3c-66da93ccd729"><testcase classname="tests.test_iter20b_assistant_retest" name="test_tts_returns_valid_mp3" time="2.726" /><testcase classname="tests.test_iter20b_assistant_retest" name="test_chat_ttft_under_2s" time="1.768" /><testcase classname="tests.test_iter20b_assistant_retest" name="test_memory_upsert_and_hits_bump" time="0.643" /><testcase classname="tests.test_iter20b_assistant_retest" name="test_memory_list_sorted_by_hits_desc" time="0.115" /><testcase classname="tests.test_iter20b_assistant_retest" name="test_memory_delete_removes_row_and_is_idempotent" time="0.560" /><testcase classname="tests.test_iter20b_assistant_retest" name="test_regression_routes[/invoices]" time="0.486" /><testcase classname="tests.test_iter20b_assistant_retest" name="test_regression_routes[/shipments]" time="0.184" /><testcase classname="tests.test_iter20b_assistant_retest" name="test_regression_routes[/bullion/rates]" time="0.130" /></testsuite></testsuites>