<?xml version="1.0" encoding="utf-8"?><testsuites name="pytest tests"><testsuite name="pytest" errors="0" failures="2" skipped="0" tests="12" time="5.832" timestamp="2026-08-08T05:57:30.062502+00:00" hostname="agent-env-84b5cdb2-c808-4c88-ab3c-66da93ccd729"><testcase classname="tests.test_iter20_assistant" name="test_regression_existing_routes[/invoices]" time="0.292" /><testcase classname="tests.test_iter20_assistant" name="test_regression_existing_routes[/shipments]" time="0.195" /><testcase classname="tests.test_iter20_assistant" name="test_regression_existing_routes[/bullion/rates]" time="0.131" /><testcase classname="tests.test_iter20_assistant" name="test_assistant_chat_sse_stream_ttft" time="3.393"><failure message="AssertionError: TTFT 2.65s exceeds 2s SLA&#10;assert 2.648320366999542 &lt; 2.0">tests/test_iter20_assistant.py:50: in test_assistant_chat_sse_stream_ttft
    assert first_token_time &lt; 2.0, f"TTFT {first_token_time:.2f}s exceeds 2s SLA"
E   AssertionError: TTFT 2.65s exceeds 2s SLA
E   assert 2.648320366999542 &lt; 2.0</failure></testcase><testcase classname="tests.test_iter20_assistant" name="test_assistant_memory_upsert_and_hits_increment" time="0.476" /><testcase classname="tests.test_iter20_assistant" name="test_assistant_memory_list_sorted_by_hits_desc" time="0.098" /><testcase classname="tests.test_iter20_assistant" name="test_assistant_tts_returns_audio_mpeg" time="0.143"><failure message="AssertionError: status=404 body={&quot;detail&quot;:&quot;fault filter abort&quot;}&#10;assert 404 == 200&#10; +  where 404 = &lt;Response [404]&gt;.status_code">tests/test_iter20_assistant.py:95: in test_assistant_tts_returns_audio_mpeg
    assert r.status_code == 200, f"status={r.status_code} body={r.text[:200]}"
E   AssertionError: status=404 body={"detail":"fault filter abort"}
E   assert 404 == 200
E    +  where 404 = &lt;Response [404]&gt;.status_code</failure></testcase><testcase classname="tests.test_iter20_assistant" name="test_assistant_stt_400_without_audio" time="0.133" /><testcase classname="tests.test_iter20_assistant" name="test_endpoint_under_2s[/invoices]" time="0.167" /><testcase classname="tests.test_iter20_assistant" name="test_endpoint_under_2s[/shipments]" time="0.214" /><testcase classname="tests.test_iter20_assistant" name="test_endpoint_under_2s[/bullion/rates]" time="0.116" /><testcase classname="tests.test_iter20_assistant" name="test_endpoint_under_2s[/assistant/memory]" time="0.099" /></testsuite></testsuites>