<?xml version="1.0" encoding="utf-8"?><testsuites name="pytest tests"><testsuite name="pytest" errors="0" failures="0" skipped="0" tests="12" time="2.414" timestamp="2026-08-09T13:06:31.536874+00:00" hostname="agent-env-6ba0f0e6-8f52-4f51-8310-24316114fe5d"><testcase classname="tests.test_iter27_companies.TestCompanies" name="test_list_companies_returns_two_seeded" time="0.116" /><testcase classname="tests.test_iter27_companies.TestCompanies" name="test_create_company_and_duplicate_rejected" time="0.215" /><testcase classname="tests.test_iter27_companies.TestCompanies" name="test_awadh_summary_has_bullion_trips" time="0.042" /><testcase classname="tests.test_iter27_companies.TestCompanies" name="test_singh_summary_has_no_trips" time="0.041" /><testcase classname="tests.test_iter27_companies.TestBullionCompanyFilter" name="test_filter_short_form" time="0.307" /><testcase classname="tests.test_iter27_companies.TestBullionCompanyFilter" name="test_filter_prefixed_form" time="0.042" /><testcase classname="tests.test_iter27_companies.TestBullionCompanyFilter" name="test_filter_singh_empty" time="0.043" /><testcase classname="tests.test_iter27_companies.TestBullionCompanyFilter" name="test_filter_omitted_returns_all" time="0.042" /><testcase classname="tests.test_iter27_companies.TestBullionTripCreatePersistsCompany" name="test_create_trip_with_company_and_verify" time="0.125" /><testcase classname="tests.test_iter27_companies.TestBullionTripCreatePersistsCompany" name="test_cleanup_created_trip" time="0.082" /><testcase classname="tests.test_iter27_companies.TestPapaLogin" name="test_bsingh_login" time="0.263" /><testcase classname="tests.test_iter27_companies.TestSeedIdempotency" name="test_reseed_no_duplicates" time="1.049" /></testsuite></testsuites>