<?xml version="1.0" encoding="utf-8"?><testsuites name="pytest tests"><testsuite name="pytest" errors="0" failures="0" skipped="0" tests="25" time="12.503" timestamp="2026-08-08T06:54:59.476459+00:00" hostname="agent-env-84b5cdb2-c808-4c88-ab3c-66da93ccd729"><testcase classname="tests.test_iter21_auth_audit_assistant.TestAuthLoginMe" name="test_login_success_returns_token_and_user" time="0.352" /><testcase classname="tests.test_iter21_auth_audit_assistant.TestAuthLoginMe" name="test_login_wrong_password_401" time="0.449" /><testcase classname="tests.test_iter21_auth_audit_assistant.TestAuthRBAC" name="test_list_users_admin_ok" time="0.803" /><testcase classname="tests.test_iter21_auth_audit_assistant.TestAuthLoginMe" name="test_me_with_valid_token" time="0.267" /><testcase classname="tests.test_iter21_auth_audit_assistant.TestAuthRBAC" name="test_list_users_staff_forbidden" time="0.310" /><testcase classname="tests.test_iter21_auth_audit_assistant.TestAuthLoginMe" name="test_me_missing_token_401" time="0.044" /><testcase classname="tests.test_iter21_auth_audit_assistant.TestAuthLoginMe" name="test_me_invalid_token_401" time="0.042" /><testcase classname="tests.test_iter21_auth_audit_assistant.TestBullionAudit" name="test_trip_manual_stamps_created_by" time="0.227" /><testcase classname="tests.test_iter21_auth_audit_assistant.TestAuthRBAC" name="test_list_users_carrier_forbidden" time="0.314" /><testcase classname="tests.test_iter21_auth_audit_assistant.TestBullionAudit" name="test_trip_ai_source_header" time="0.045" /><testcase classname="tests.test_iter21_auth_audit_assistant.TestAuthRBAC" name="test_register_staff_by_admin_and_cleanup" time="0.577" /><testcase classname="tests.test_iter21_auth_audit_assistant.TestBullionAudit" name="test_trip_put_preserves_created_by_updates_modified" time="0.494" /><testcase classname="tests.test_iter21_auth_audit_assistant.TestBullionAudit" name="test_txn_manual_audit_and_autoincrement_txn_no" time="0.046" /><testcase classname="tests.test_iter21_auth_audit_assistant.TestBullionAudit" name="test_zzz_cleanup" time="0.171" /><testcase classname="tests.test_iter21_auth_audit_assistant.TestAuthRBAC" name="test_register_by_staff_forbidden" time="0.044" /><testcase classname="tests.test_iter21_auth_audit_assistant.TestAuthRBAC" name="test_register_by_carrier_forbidden" time="0.048" /><testcase classname="tests.test_iter21_auth_audit_assistant.TestAuthUpdateDelete" name="test_patch_user_admin_ok" time="0.188" /><testcase classname="tests.test_iter21_auth_audit_assistant.TestAssistantChat" name="test_honorific_sir_and_screen_context" time="4.275" /><testcase classname="tests.test_iter21_auth_audit_assistant.TestAuthUpdateDelete" name="test_admin_cannot_delete_self" time="0.045" /><testcase classname="tests.test_iter21_auth_audit_assistant.TestChangePassword" name="test_change_password_wrong_current_401" time="0.266" /><testcase classname="tests.test_iter21_auth_audit_assistant.TestChangePassword" name="test_change_password_roundtrip" time="1.251" /><testcase classname="tests.test_iter21_auth_audit_assistant.TestProxyAuditInjection" name="test_parties_post_proxied_with_audit" time="0.569" /><testcase classname="tests.test_iter21_auth_audit_assistant.TestWingmanHealth" name="test_health" time="0.042" /><testcase classname="tests.test_iter21_auth_audit_assistant.TestAssistantChat" name="test_honorific_boss" time="3.708" /><testcase classname="tests.test_iter21_auth_audit_assistant.TestAssistantChat" name="test_navigation_intent_returns_json_action" time="2.030" /></testsuite></testsuites>