<?xml version="1.0" encoding="utf-8"?><testsuites name="pytest tests"><testsuite name="pytest" errors="0" failures="0" skipped="0" tests="21" time="6.359" timestamp="2026-08-13T22:10:40.349018+00:00" hostname="agent-env-9769a317-e180-406c-8624-08dd0e3e640b"><testcase classname="tests.test_phase7_mega.TestRegressionSmoke" name="test_endpoint_200[/api/parties]" time="1.166" /><testcase classname="tests.test_phase7_mega.TestFixDModeFilter" name="test_informal_excludes_untagged[ledger/entries]" time="1.273" /><testcase classname="tests.test_phase7_mega.TestRegressionSmoke" name="test_endpoint_200[/api/shipments]" time="0.208" /><testcase classname="tests.test_phase7_mega.TestFixDModeFilter" name="test_informal_excludes_untagged[shipments]" time="0.424" /><testcase classname="tests.test_phase7_mega.TestRegressionSmoke" name="test_endpoint_200[/api/invoices]" time="0.296" /><testcase classname="tests.test_phase7_mega.TestRegressionSmoke" name="test_endpoint_200[/api/ledger/entries]" time="0.259" /><testcase classname="tests.test_phase7_mega.TestFixDModeFilter" name="test_informal_excludes_untagged[invoices]" time="0.269" /><testcase classname="tests.test_phase7_mega.TestRegressionSmoke" name="test_endpoint_200[/api/trips]" time="0.378" /><testcase classname="tests.test_phase7_mega.TestFixDModeFilter" name="test_formal_includes_untagged_legacy[ledger/entries]" time="0.273" /><testcase classname="tests.test_phase7_mega.TestFixDModeFilter" name="test_formal_includes_untagged_legacy[shipments]" time="0.413" /><testcase classname="tests.test_phase7_mega.TestRegressionSmoke" name="test_endpoint_200[/api/live-rates]" time="0.136" /><testcase classname="tests.test_phase7_mega.TestFixETripsEnrichment" name="test_trips_include_allocated_kg_and_linked_bags" time="0.216" /><testcase classname="tests.test_phase7_mega.TestFixDModeFilter" name="test_formal_includes_untagged_legacy[invoices]" time="0.332" /><testcase classname="tests.test_phase7_mega.TestFixETripsEnrichment" name="test_at_least_one_trip_has_allocation_when_carrier_matched" time="0.236" /><testcase classname="tests.test_phase7_mega.TestFixFCompanyNameOverlay" name="test_put_meta_company_name_persists" time="0.832" /><testcase classname="tests.test_phase7_mega.TestFixDModeFilter" name="test_all_returns_superset[ledger/entries]" time="0.669" /><testcase classname="tests.test_phase7_mega.TestFixDModeFilter" name="test_all_returns_superset[shipments]" time="0.810" /><testcase classname="tests.test_phase7_mega.TestFixFCompanyNameOverlay" name="test_get_meta_returns_company_name" time="0.411" /><testcase classname="tests.test_phase7_mega.TestFixHLedgerSort" name="test_ledger_entries_sorted_desc" time="0.230" /><testcase classname="tests.test_phase7_mega.TestFixDModeFilter" name="test_all_returns_superset[invoices]" time="0.891" /><testcase classname="tests.test_phase7_mega.TestFixDModeFilter" name="test_trips_mode_all" time="0.672" /></testsuite></testsuites>