<?xml version="1.0" encoding="utf-8"?><testsuites name="pytest tests"><testsuite name="pytest" errors="0" failures="0" skipped="0" tests="7" time="1.383" timestamp="2026-08-13T05:31:55.988434+00:00" hostname="agent-env-9769a317-e180-406c-8624-08dd0e3e640b"><testcase classname="tests.test_iter76_company_mode_filters" name="test_company_mode_filters[/api/shipments-awadh-formal-5]" time="0.455" /><testcase classname="tests.test_iter76_company_mode_filters" name="test_company_mode_filters[/api/shipments-singh_exports-formal-0]" time="0.158" /><testcase classname="tests.test_iter76_company_mode_filters" name="test_company_mode_filters[/api/invoices-awadh-formal-2]" time="0.113" /><testcase classname="tests.test_iter76_company_mode_filters" name="test_company_mode_filters[/api/ledger/entries-awadh-formal-30]" time="0.089" /><testcase classname="tests.test_iter76_company_mode_filters" name="test_company_mode_filters[/api/trips-awadh-formal-1]" time="0.004" /><testcase classname="tests.test_iter76_company_mode_filters" name="test_defaults_apply_when_no_filter" time="0.122" /><testcase classname="tests.test_iter76_company_mode_filters" name="test_informal_mode_returns_empty_for_awadh_shipments" time="0.124" /></testsuite></testsuites>