<?xml version="1.0" encoding="utf-8"?><testsuites name="pytest tests"><testsuite name="pytest" errors="0" failures="0" skipped="1" tests="6" time="3.538" timestamp="2026-08-13T15:42:22.389757+00:00" hostname="agent-env-9769a317-e180-406c-8624-08dd0e3e640b"><testcase classname="tests.test_phase7_batchB.TestFix8InvoiceTypes" name="test_post_formal_invoice_with_gst" time="1.119" /><testcase classname="tests.test_phase7_batchB.TestFix8InvoiceTypes" name="test_post_informal_cash_receipt" time="0.404" /><testcase classname="tests.test_phase7_batchB.TestFix6ShipmentPayload" name="test_post_shipment_multi_customer_multi_bag" time="0.703" /><testcase classname="tests.test_phase7_batchB.TestFix7TripAutoLedger" name="test_create_trip_patch_complete_creates_ledger_entry" time="2.709"><skipped type="pytest.skip" message="list endpoint didn't surface trip_id — trip.ledger_entry_id=1dd0b781-75ff-4d51-9887-60ffecfd9a7f present, sufficient for auto-post verification">/app/backend/tests/test_phase7_batchB.py:131: list endpoint didn't surface trip_id — trip.ledger_entry_id=1dd0b781-75ff-4d51-9887-60ffecfd9a7f present, sufficient for auto-post verification</skipped></testcase><testcase classname="tests.test_phase7_batchB.TestFix7TripAutoLedger" name="test_second_patch_does_not_duplicate_ledger" time="0.355" /><testcase classname="tests.test_phase7_batchB.TestFix7TripAutoLedger" name="test_patch_nonexistent_trip_returns_404" time="0.116" /></testsuite></testsuites>