<?xml version="1.0" encoding="utf-8"?><testsuites name="pytest tests"><testsuite name="pytest" errors="0" failures="0" skipped="0" tests="7" time="1.287" timestamp="2026-08-08T15:34:01.361207+00:00" hostname="agent-env-6ba0f0e6-8f52-4f51-8310-24316114fe5d"><testcase classname="tests.test_iter26_trips_module.TestTripsExtension" name="test_01_create_with_direction_and_all_new_fields" time="0.522" /><testcase classname="tests.test_iter26_trips_module.TestTripsExtension" name="test_02_get_list_returns_created_trip_with_new_fields_intact" time="0.052" /><testcase classname="tests.test_iter26_trips_module.TestTripsExtension" name="test_03_put_direction_updates_route_mirror" time="0.048" /><testcase classname="tests.test_iter26_trips_module.TestTripsExtension" name="test_04_put_updates_currency_gold_charge_independently" time="0.047" /><testcase classname="tests.test_iter26_trips_module.TestTripsExtension" name="test_05_backcompat_post_with_only_route_fills_direction" time="0.049" /><testcase classname="tests.test_iter26_trips_module.TestTripsExtension" name="test_06_backcompat_post_with_only_direction_fills_route" time="0.045" /><testcase classname="tests.test_iter26_trips_module.TestTripsExtension" name="test_07_delete_regression" time="0.188" /></testsuite></testsuites>