<?xml version="1.0" encoding="utf-8"?><testsuites name="pytest tests"><testsuite name="pytest" errors="0" failures="0" skipped="0" tests="6" time="13.343" timestamp="2026-08-10T08:09:48.546570+00:00" hostname="agent-env-dbcbf7b6-9073-4a67-9fa3-0923eb12ce6e"><testcase classname="tests.test_iter49_stt.TestAssistantSttBackcompat" name="test_stt_silent_wav_returns_json_200" time="7.744" /><testcase classname="tests.test_iter49_stt.TestTranscribeAlias" name="test_transcribe_silent_wav_returns_json_200" time="12.218" /><testcase classname="tests.test_iter49_stt.TestAssistantSttBackcompat" name="test_stt_missing_audio_returns_400_json" time="0.045" /><testcase classname="tests.test_iter49_stt.TestBackendLogsClean" name="test_no_transcribe_audio_attribute_error" time="0.002" /><testcase classname="tests.test_iter49_stt.TestTranscribeAlias" name="test_transcribe_missing_audio_returns_400_json" time="0.043" /><testcase classname="tests.test_iter49_stt.TestTranscribeAlias" name="test_transcribe_garbage_bytes_does_not_crash_backend" time="0.762" /></testsuite></testsuites>