<?xml version="1.0" encoding="utf-8"?><testsuites name="pytest tests"><testsuite name="pytest" errors="0" failures="0" skipped="0" tests="6" time="12.108" timestamp="2026-08-13T07:35:13.981881+00:00" hostname="agent-env-9769a317-e180-406c-8624-08dd0e3e640b"><testcase classname="tests.test_iter78_phase4_fixes.TestForexRates" name="test_forex_rates_shape_and_values" time="0.145" /><testcase classname="tests.test_iter78_phase4_fixes.TestNowBriefCache" name="test_first_call_generates_and_second_call_returns_cached" time="6.357" /><testcase classname="tests.test_iter78_phase4_fixes.TestNowBriefCache" name="test_cache_survives_backend_restart" time="4.153" /><testcase classname="tests.test_iter78_phase4_fixes.TestLedgerEntryCompanyStamping" name="test_create_entry_awadh_informal" time="0.810" /><testcase classname="tests.test_iter78_phase4_fixes.TestLedgerEntryCompanyStamping" name="test_create_entry_singh_formal" time="0.371" /><testcase classname="tests.test_iter78_phase4_fixes.TestLedgerEntryCompanyStamping" name="test_ledger_summary_reachable" time="0.210" /></testsuite></testsuites>