<?xml version="1.0" encoding="utf-8"?><testsuites name="pytest tests"><testsuite name="pytest" errors="0" failures="0" skipped="0" tests="17" time="3.487" timestamp="2026-08-09T17:23:37.695474+00:00" hostname="agent-env-6ba0f0e6-8f52-4f51-8310-24316114fe5d"><testcase classname="tests.test_iter27_companies.TestCompanies" name="test_list_companies_returns_two_seeded" time="0.229" /><testcase classname="tests.test_iter27_companies.TestCompanies" name="test_create_company_and_duplicate_rejected" time="0.136" /><testcase classname="tests.test_iter27_companies.TestCompanies" name="test_awadh_summary_has_bullion_trips" time="0.045" /><testcase classname="tests.test_iter27_companies.TestCompanies" name="test_singh_summary_has_no_trips" time="0.047" /><testcase classname="tests.test_iter27_companies.TestBullionCompanyFilter" name="test_filter_short_form" time="0.313" /><testcase classname="tests.test_iter27_companies.TestBullionCompanyFilter" name="test_filter_prefixed_form" time="0.045" /><testcase classname="tests.test_iter27_companies.TestBullionCompanyFilter" name="test_filter_singh_empty" time="0.048" /><testcase classname="tests.test_iter27_companies.TestBullionCompanyFilter" name="test_filter_omitted_returns_all" time="0.046" /><testcase classname="tests.test_iter27_companies.TestBullionTripCreatePersistsCompany" name="test_create_trip_with_company_and_verify" time="0.091" /><testcase classname="tests.test_iter27_companies.TestBullionTripCreatePersistsCompany" name="test_cleanup_created_trip" time="0.044" /><testcase classname="tests.test_iter27_companies.TestPapaLogin" name="test_bsingh_login" time="0.267" /><testcase classname="tests.test_iter27_companies.TestSeedIdempotency" name="test_reseed_no_duplicates" time="1.043" /><testcase classname="tests.test_iter28_papa_scope.TestPapaLoginCompanyField" name="test_papa_login_returns_company_field" time="0.364" /><testcase classname="tests.test_iter28_papa_scope.TestPapaLoginCompanyField" name="test_papa_me_endpoint_returns_company_field" time="0.319" /><testcase classname="tests.test_iter28_papa_scope.TestAdminLoginNoCompany" name="test_admin_login_company_is_none_or_absent" time="0.272" /><testcase classname="tests.test_iter28_papa_scope.TestBullionTripsScope" name="test_awadh_has_eight_trips" time="0.049" /><testcase classname="tests.test_iter28_papa_scope.TestBullionTripsScope" name="test_singh_exports_has_zero_trips" time="0.043" /></testsuite></testsuites>