<?xml version="1.0" encoding="utf-8"?><testsuites name="pytest tests"><testsuite name="pytest" errors="0" failures="0" skipped="0" tests="10" time="7.114" timestamp="2026-08-08T04:50:14.887372+00:00" hostname="agent-env-84b5cdb2-c808-4c88-ab3c-66da93ccd729"><testcase classname="tests.test_iter19_invoice_reports.TestReportsDataSources" name="test_invoices_list" time="0.559" /><testcase classname="tests.test_iter19_invoice_reports.TestInvoice5Instances" name="test_create_5_invoices_persists" time="3.983" /><testcase classname="tests.test_iter19_invoice_reports.TestReportsDataSources" name="test_shipments_list" time="0.216" /><testcase classname="tests.test_iter19_invoice_reports.TestReportsDataSources" name="test_parties_list" time="1.411" /><testcase classname="tests.test_iter19_invoice_reports.TestReportsDataSources" name="test_bullion_txns" time="0.053" /><testcase classname="tests.test_iter19_invoice_reports.TestReportsDataSources" name="test_bullion_trips" time="0.044" /><testcase classname="tests.test_iter19_invoice_reports.TestReportsDataSources" name="test_shipment_bags_nested" time="0.514" /><testcase classname="tests.test_iter19_invoice_reports.TestInvoice5Instances" name="test_cleanup_delete_test_invoices" time="2.278" /><testcase classname="tests.test_iter19_invoice_reports.Test404InvoicePath" name="test_unknown_invoice_returns_404" time="0.094" /><testcase classname="tests.test_iter19_invoice_reports.Test404InvoicePath" name="test_delete_then_get_returns_404" time="0.315" /></testsuite></testsuites>