<?xml version="1.0" encoding="utf-8"?><testsuites name="pytest tests"><testsuite name="pytest" errors="0" failures="0" skipped="0" tests="16" time="2.790" timestamp="2026-08-14T07:37:58.602567+00:00" hostname="agent-env-9769a317-e180-406c-8624-08dd0e3e640b"><testcase classname="tests.test_iter88_bug_batch.TestRegressionCoreEndpoints" name="test_endpoint_200[/api/parties]" time="1.092" /><testcase classname="tests.test_iter88_bug_batch.TestBug1LiveRatesShape" name="test_live_rates_has_required_sources" time="0.897" /><testcase classname="tests.test_iter88_bug_batch.TestBug1LiveRatesShape" name="test_sln_bullion_rate_keys" time="0.102" /><testcase classname="tests.test_iter88_bug_batch.TestBug1LiveRatesShape" name="test_superrich_rate_keys" time="0.130" /><testcase classname="tests.test_iter88_bug_batch.TestRegressionCoreEndpoints" name="test_endpoint_200[/api/shipments]" time="0.206" /><testcase classname="tests.test_iter88_bug_batch.TestBug5LedgerSort" name="test_ledger_entries_desc_sorted" time="0.597" /><testcase classname="tests.test_iter88_bug_batch.TestRegressionCoreEndpoints" name="test_endpoint_200[/api/invoices]" time="0.191" /><testcase classname="tests.test_iter88_bug_batch.TestRegressionCoreEndpoints" name="test_endpoint_200[/api/ledger/entries]" time="0.187" /><testcase classname="tests.test_iter88_bug_batch.TestRegressionCoreEndpoints" name="test_endpoint_200[/api/dashboard/ledger-summary]" time="0.168" /><testcase classname="tests.test_iter88_bug_batch.TestBug5LedgerSort" name="test_ledger_first3_ge_last3" time="0.195" /><testcase classname="tests.test_iter88_bug_batch.TestRegressionCoreEndpoints" name="test_endpoint_200[/api/trips]" time="0.266" /><testcase classname="tests.test_iter88_bug_batch.TestRegressionGstinLookup" name="test_gstin_lookup_returns_shape" time="0.153" /><testcase classname="tests.test_iter88_bug_batch.TestBug5PartyStatementDesc" name="test_party_statement_desc" time="0.337" /><testcase classname="tests.test_iter88_bug_batch.TestRegressionCoreEndpoints" name="test_endpoint_200[/api/bullion/trips]" time="0.123" /><testcase classname="tests.test_iter88_bug_batch.TestRegressionCoreEndpoints" name="test_endpoint_200[/api/bullion/vault]" time="0.102" /><testcase classname="tests.test_iter88_bug_batch.TestRegressionCoreEndpoints" name="test_endpoint_200[/api/live-rates]" time="0.144" /></testsuite></testsuites>