<?xml version="1.0" encoding="utf-8"?><testsuites name="pytest tests"><testsuite name="pytest" errors="0" failures="0" skipped="0" tests="6" time="1.802" timestamp="2026-08-07T23:17:33.867712+00:00" hostname="agent-env-84b5cdb2-c808-4c88-ab3c-66da93ccd729"><testcase classname="tests.test_bullion_rate_history.TestBullionRatesHistoryAndSnapshot" name="test_00_snapshot_originals" time="0.050" /><testcase classname="tests.test_bullion_rate_history.TestBullionRatesHistoryAndSnapshot" name="test_01_txn_round_trips_rate_snapshot_fields" time="0.087" /><testcase classname="tests.test_bullion_rate_history.TestBullionRatesHistoryAndSnapshot" name="test_02_put_rates_with_change_creates_history_row" time="0.547" /><testcase classname="tests.test_bullion_rate_history.TestBullionRatesHistoryAndSnapshot" name="test_03_put_rates_same_values_is_noop_for_history" time="0.588" /><testcase classname="tests.test_bullion_rate_history.TestBullionRatesHistoryAndSnapshot" name="test_04_regression_smoke_lists_ok" time="0.128" /><testcase classname="tests.test_bullion_rate_history.TestBullionRatesHistoryAndSnapshot" name="test_99_cleanup_restore_rates_and_delete_txn" time="0.085" /></testsuite></testsuites>