<?xml version="1.0" encoding="utf-8"?><testsuites name="pytest tests"><testsuite name="pytest" errors="0" failures="0" skipped="0" tests="8" time="11.501" timestamp="2026-08-10T07:41:57.308748+00:00" hostname="agent-env-dbcbf7b6-9073-4a67-9fa3-0923eb12ce6e"><testcase classname="tests.test_iter48_wingman_quick_chat.TestDashboardNowBrief" name="test_returns_brief_and_generated_at" time="2.078" /><testcase classname="tests.test_iter48_wingman_quick_chat.TestWingmanQuickChat" name="test_admin_returns_hinglish_reply_with_real_ids" time="4.504" /><testcase classname="tests.test_iter48_wingman_quick_chat.TestDashboardNowBrief" name="test_requires_auth" time="0.098" /><testcase classname="tests.test_iter48_wingman_quick_chat.TestAssistantSTT" name="test_whisper_accepts_multipart" time="0.106" /><testcase classname="tests.test_iter48_wingman_quick_chat.TestAssistantTTSStream" name="test_streams_audio_mpeg" time="3.707" /><testcase classname="tests.test_iter48_wingman_quick_chat.TestWingmanQuickChat" name="test_papa_reply_uses_papa_ji_style" time="3.472" /><testcase classname="tests.test_iter48_wingman_quick_chat.TestWingmanQuickChat" name="test_history_multiturn_context" time="1.745" /><testcase classname="tests.test_iter48_wingman_quick_chat.TestWingmanQuickChat" name="test_no_auth_still_returns_200_admin_default" time="1.467" /></testsuite></testsuites>