<?xml version="1.0" encoding="utf-8"?><testsuites name="pytest tests"><testsuite name="pytest" errors="0" failures="0" skipped="0" tests="7" time="2.688" timestamp="2026-08-13T15:03:05.696686+00:00" hostname="agent-env-9769a317-e180-406c-8624-08dd0e3e640b"><testcase classname="tests.test_phase7_batchA.TestListSpeed" name="test_shipments_list_fast" time="1.347" /><testcase classname="tests.test_phase7_batchA.TestModeCompanyPersist" name="test_shipment_informal_hides_company_but_persists_mode" time="1.394" /><testcase classname="tests.test_phase7_batchA.TestListSpeed" name="test_parties_list_fast" time="0.333" /><testcase classname="tests.test_phase7_batchA.TestModeCompanyPersist" name="test_shipment_formal_persists_company" time="0.385" /><testcase classname="tests.test_phase7_batchA.TestListSpeed" name="test_dashboard_stats_fast" time="0.427" /><testcase classname="tests.test_phase7_batchA.TestModeCompanyPersist" name="test_ledger_entry_mode_company_persist" time="0.361" /><testcase classname="tests.test_phase7_batchA.TestNowBrief" name="test_now_brief_reachable" time="0.149" /></testsuite></testsuites>