<?xml version="1.0" encoding="utf-8"?><testsuites name="pytest tests"><testsuite name="pytest" errors="0" failures="0" skipped="0" tests="3" time="5.542" timestamp="2026-08-10T04:50:20.468926+00:00" hostname="agent-env-dbcbf7b6-9073-4a67-9fa3-0923eb12ce6e"><testcase classname="tests.test_iter42_now_brief.TestNowBriefAuth" name="test_unauth_returns_401" time="0.213" /><testcase classname="tests.test_iter42_now_brief.TestNowBriefSuccess" name="test_authenticated_returns_valid_brief" time="3.604" /><testcase classname="tests.test_iter42_now_brief.TestNowBriefSuccess" name="test_brief_contains_display_name" time="1.622" /></testsuite></testsuites>