<?xml version="1.0" encoding="utf-8"?><testsuites name="pytest tests"><testsuite name="pytest" errors="0" failures="0" skipped="0" tests="8" time="7.615" timestamp="2026-08-10T12:13:49.866444+00:00" hostname="agent-env-dbcbf7b6-9073-4a67-9fa3-0923eb12ce6e"><testcase classname="tests.test_iter58_phase2_tts.TestVoiceCommandSmoke" name="test_get_summary_action" time="0.825" /><testcase classname="tests.test_iter58_phase2_tts.TestTTSStream" name="test_tts_stream_get_onyx_returns_audio" time="2.433" /><testcase classname="tests.test_iter58_phase2_tts.TestVoiceCommandSmoke" name="test_unknown_action_soft_fails" time="0.048" /><testcase classname="tests.test_iter58_phase2_tts.TestBackendLogTraceHasNoElevenLabs" name="test_marker_after_call" time="4.050" /><testcase classname="tests.test_iter58_phase2_tts.TestTTSStream" name="test_tts_stream_get_default_voice" time="3.107" /><testcase classname="tests.test_iter58_phase2_tts.TestRealtimeTokenUnchanged" name="test_realtime_token_returns_ephemeral" time="0.305" /><testcase classname="tests.test_iter58_phase2_tts.TestTTSStream" name="test_tts_stream_post_returns_audio" time="1.716" /><testcase classname="tests.test_iter58_phase2_tts.TestTTSStream" name="test_tts_stream_rejects_empty_text" time="0.046" /></testsuite></testsuites>