<?xml version="1.0" encoding="utf-8"?><testsuites name="pytest tests"><testsuite name="pytest" errors="0" failures="0" skipped="0" tests="10" time="5.316" timestamp="2026-08-10T17:51:01.308845+00:00" hostname="agent-env-dbcbf7b6-9073-4a67-9fa3-0923eb12ce6e"><testcase classname="tests.test_voice_query_iter68" name="test_voice_query_metric[pending_shipments-required_keys0]" time="1.210" /><testcase classname="tests.test_voice_query_iter68" name="test_voice_query_metric[in_transit_shipments-required_keys1]" time="0.377" /><testcase classname="tests.test_voice_query_iter68" name="test_voice_query_metric[unpaid_invoices-required_keys2]" time="0.853" /><testcase classname="tests.test_voice_query_iter68" name="test_voice_query_metric[active_trips-required_keys3]" time="0.391" /><testcase classname="tests.test_voice_query_iter68" name="test_voice_query_metric[today_revenue-required_keys4]" time="0.342" /><testcase classname="tests.test_voice_query_iter68" name="test_voice_query_metric[warehouse_bags-required_keys5]" time="0.296" /><testcase classname="tests.test_voice_query_iter68" name="test_voice_query_metric[overview-required_keys6]" time="0.457" /><testcase classname="tests.test_voice_query_iter68" name="test_voice_query_unknown_metric" time="0.140" /><testcase classname="tests.test_voice_query_iter68" name="test_voice_query_party_balance_missing_name" time="0.143" /><testcase classname="tests.test_voice_query_iter68" name="test_realtime_token_endpoint_returns_ephemeral" time="0.768" /></testsuite></testsuites>