<?xml version="1.0" encoding="utf-8"?><testsuites name="pytest tests"><testsuite name="pytest" errors="0" failures="0" skipped="0" tests="27" time="6.386" timestamp="2026-08-08T08:01:11.551795+00:00" hostname="agent-env-84b5cdb2-c808-4c88-ab3c-66da93ccd729"><testcase classname="tests.test_iter22_admin_bullion_ghost_lalamove.TestUsersAdminCRUD" name="test_a1_register_new_staff" time="0.861" /><testcase classname="tests.test_iter22_admin_bullion_ghost_lalamove.TestBullionSplit" name="test_b0_create_trip_and_parent" time="0.952" /><testcase classname="tests.test_iter22_admin_bullion_ghost_lalamove.TestUsersAdminCRUD" name="test_a2_register_conflict" time="0.046" /><testcase classname="tests.test_iter22_admin_bullion_ghost_lalamove.TestUsersAdminCRUD" name="test_a3_patch_display_and_role" time="0.091" /><testcase classname="tests.test_iter22_admin_bullion_ghost_lalamove.TestBullionSplit" name="test_b1_first_split_4kg" time="0.053" /><testcase classname="tests.test_iter22_admin_bullion_ghost_lalamove.TestUsersAdminCRUD" name="test_a4_delete_self_forbidden" time="0.084" /><testcase classname="tests.test_iter22_admin_bullion_ghost_lalamove.TestBullionSplit" name="test_b2_second_split_6kg_fully_allocated" time="0.048" /><testcase classname="tests.test_iter22_admin_bullion_ghost_lalamove.TestBullionSplit" name="test_b3_third_split_rejected" time="0.087" /><testcase classname="tests.test_iter22_admin_bullion_ghost_lalamove.TestBullionSplit" name="test_b4_over_split_rejected" time="0.304" /><testcase classname="tests.test_iter22_admin_bullion_ghost_lalamove.TestUsersAdminCRUD" name="test_a5_delete_by_non_admin_forbidden" time="0.308" /><testcase classname="tests.test_iter22_admin_bullion_ghost_lalamove.TestUsersAdminCRUD" name="test_a6_delete_ok_and_gone" time="0.128" /><testcase classname="tests.test_iter22_admin_bullion_ghost_lalamove.TestBullionSplit" name="test_b5_split_on_child_rejected" time="0.051" /><testcase classname="tests.test_iter22_admin_bullion_ghost_lalamove.TestBullionSplit" name="test_b9_cleanup" time="0.474" /><testcase classname="tests.test_iter22_admin_bullion_ghost_lalamove.TestAuthRegression" name="test_kishan_login_returns_jwt_and_sir" time="0.264" /><testcase classname="tests.test_iter22_admin_bullion_ghost_lalamove.TestAuthRegression" name="test_auth_me" time="0.043" /><testcase classname="tests.test_iter22_admin_bullion_ghost_lalamove.TestAuthRegression" name="test_users_list_admin_ok" time="0.042" /><testcase classname="tests.test_iter22_admin_bullion_ghost_lalamove.TestAuthRegression" name="test_users_list_staff_forbidden" time="0.043" /><testcase classname="tests.test_iter22_admin_bullion_ghost_lalamove.TestLalamove" name="test_d1_config_unconfigured" time="0.210" /><testcase classname="tests.test_iter22_admin_bullion_ghost_lalamove.TestAuthRegression" name="test_users_list_carrier_forbidden" time="0.306" /><testcase classname="tests.test_iter22_admin_bullion_ghost_lalamove.TestLalamove" name="test_d2_quote_returns_503" time="0.051" /><testcase classname="tests.test_iter22_admin_bullion_ghost_lalamove.TestAuditStamps" name="test_manual_stamp_default" time="0.133" /><testcase classname="tests.test_iter22_admin_bullion_ghost_lalamove.TestLalamove" name="test_d3_orders_empty_list" time="0.048" /><testcase classname="tests.test_iter22_admin_bullion_ghost_lalamove.TestLalamove" name="test_d4_signature_helper_deterministic" time="0.211" /><testcase classname="tests.test_iter22_admin_bullion_ghost_lalamove.TestAuditStamps" name="test_ai_stamp_when_header_present" time="0.088" /><testcase classname="tests.test_iter22_admin_bullion_ghost_lalamove.TestGhostUserProxy" name="test_c1_create_party_via_proxy_ai" time="1.786" /><testcase classname="tests.test_iter22_admin_bullion_ghost_lalamove.TestAssistantGhostUserReply" name="test_c3_assistant_returns_create_party_json_and_honorific" time="3.448" /><testcase classname="tests.test_iter22_admin_bullion_ghost_lalamove.TestGhostUserProxy" name="test_c2_cleanup" time="0.101" /></testsuite></testsuites>