<?xml version="1.0" encoding="utf-8"?><testsuites name="pytest tests"><testsuite name="pytest" errors="0" failures="0" skipped="1" tests="10" time="1.375" timestamp="2026-08-08T03:47:10.574399+00:00" hostname="agent-env-84b5cdb2-c808-4c88-ab3c-66da93ccd729"><testcase classname="tests.test_stress_fy26_27_verify.TestCalculations" name="test_snapshot_rates_present" time="0.239" /><testcase classname="tests.test_stress_fy26_27_verify.TestDataState" name="test_shipments_count_and_dates" time="0.581" /><testcase classname="tests.test_stress_fy26_27_verify.TestCalculations" name="test_currency_fee_math_sample" time="0.111" /><testcase classname="tests.test_stress_fy26_27_verify.TestCalculations" name="test_gold_fee_math_sample" time="0.111" /><testcase classname="tests.test_stress_fy26_27_verify.TestLedger" name="test_ledger_receivable_and_top_get" time="0.236" /><testcase classname="tests.test_stress_fy26_27_verify.TestDataState" name="test_invoices_count_and_dates" time="0.171" /><testcase classname="tests.test_stress_fy26_27_verify.TestWarehouseFIFO" name="test_warehouse_fifo_order" time="0.165"><skipped type="pytest.skip" message="warehouse endpoint returned no items: {'current_kg': 0, 'capacity_kg': 5000.0, 'current_bags': 0, 'undelivered_bags': 0, 'by_end_customer': [], 'booked_deliveries': 0, 'pending_deliveries': 0, 'pct': 0.0}">/app/backend/tests/test_stress_fy26_27_verify.py:122: warehouse endpoint returned no items: {'current_kg': 0, 'capacity_kg': 5000.0, 'current_bags': 0, 'undelivered_bags': 0, 'by_end_customer': [], 'booked_deliveries': 0, 'pending_deliveries': 0, 'pct': 0.0}</skipped></testcase><testcase classname="tests.test_stress_fy26_27_verify.TestDataState" name="test_bullion_txns_and_splits" time="0.103" /><testcase classname="tests.test_stress_fy26_27_verify.TestDataState" name="test_bullion_trips_count" time="0.102" /><testcase classname="tests.test_stress_fy26_27_verify.TestDashboardYTD" name="test_dashboard_stats" time="0.183" /></testsuite></testsuites>