<?xml version="1.0" encoding="utf-8"?><testsuites name="pytest tests"><testsuite name="pytest" errors="0" failures="0" skipped="1" tests="7" time="2.417" timestamp="2026-08-07T21:42:31.022460+00:00" hostname="agent-env-84b5cdb2-c808-4c88-ab3c-66da93ccd729"><testcase classname="tests.test_verify_and_invoice_link.TestInvoiceShipmentLink" name="test_invoices_have_shipment_id_field" time="1.515" /><testcase classname="tests.test_verify_and_invoice_link.TestPartyVerifiedUpTo" name="test_field_present_in_get" time="0.366" /><testcase classname="tests.test_verify_and_invoice_link.TestPartyVerifiedUpTo" name="test_put_verified_up_to_and_revert" time="1.677" /><testcase classname="tests.test_verify_and_invoice_link.TestInvoiceShipmentLink" name="test_linked_invoice_references_real_shipment_when_present" time="0.099"><skipped type="pytest.skip" message="No invoice currently carries a non-null shipment_id (checked 2). Iteration allows this.">/app/backend/tests/test_verify_and_invoice_link.py:135: No invoice currently carries a non-null shipment_id (checked 2). Iteration allows this.</skipped></testcase><testcase classname="tests.test_verify_and_invoice_link.TestLalitFY2026_27Balance" name="test_closing_balance_fy_2026_27" time="0.102" /><testcase classname="tests.test_verify_and_invoice_link.TestLocalRegression" name="test_wingman_health_ok" time="0.002" /><testcase classname="tests.test_verify_and_invoice_link.TestLocalRegression" name="test_bullion_rates_ok" time="0.045" /></testsuite></testsuites>