<?xml version="1.0" encoding="utf-8"?><testsuites name="pytest tests"><testsuite name="pytest" errors="0" failures="0" skipped="0" tests="7" time="5.448" timestamp="2026-08-08T15:15:54.182955+00:00" hostname="agent-env-6ba0f0e6-8f52-4f51-8310-24316114fe5d"><testcase classname="tests.test_iter23_elevenlabs_tts.TestTtsStreamPrimaryElevenLabs" name="test_post_tts_stream_uses_elevenlabs" time="2.734" /><testcase classname="tests.test_iter23_elevenlabs_tts.TestAssistantHistory" name="test_history_unauth_returns_empty_list" time="0.264" /><testcase classname="tests.test_iter23_elevenlabs_tts.TestAssistantHistory" name="test_history_returns_list_for_kishan" time="0.319" /><testcase classname="tests.test_iter23_elevenlabs_tts.TestAuth" name="test_login_returns_access_token" time="0.267" /><testcase classname="tests.test_iter23_elevenlabs_tts.TestAssistantChat" name="test_chat_returns_hinglish_text" time="4.259" /><testcase classname="tests.test_iter23_elevenlabs_tts.TestTtsStreamPrimaryElevenLabs" name="test_get_tts_stream_uses_elevenlabs" time="1.811" /><testcase classname="tests.test_iter23_elevenlabs_tts.TestTtsStreamPrimaryElevenLabs" name="test_tts_stream_empty_text_400" time="0.150" /></testsuite></testsuites>