<?xml version="1.0" encoding="utf-8"?><testsuites name="pytest tests"><testsuite name="pytest" errors="0" failures="0" skipped="0" tests="6" time="66.123" timestamp="2026-08-13T18:42:26.942796+00:00" hostname="agent-env-9769a317-e180-406c-8624-08dd0e3e640b"><testcase classname="tests.test_phase7_batchC2_live_rates.TestSchedulerTicking" name="test_scheduler_advances_timestamps" time="65.396" /><testcase classname="tests.test_phase7_batchC2_live_rates.TestLiveRatesShape" name="test_endpoint_reachable_200" time="0.295" /><testcase classname="tests.test_phase7_batchC2_live_rates.TestLiveRatesShape" name="test_all_four_sources_present" time="0.085" /><testcase classname="tests.test_phase7_batchC2_live_rates.TestLiveRatesShape" name="test_each_source_has_required_keys" time="0.076" /><testcase classname="tests.test_phase7_batchC2_live_rates.TestLiveRatesShape" name="test_at_least_two_sources_fresh_and_ok" time="0.346" /><testcase classname="tests.test_phase7_batchC2_live_rates.TestNoCrashPath" name="test_response_never_500" time="0.377" /></testsuite></testsuites>