<?xml version="1.0" encoding="utf-8"?><testsuites name="pytest tests"><testsuite name="pytest" errors="0" failures="1" skipped="0" tests="4" time="2.553" timestamp="2026-08-13T13:22:52.212045+00:00" hostname="agent-env-9769a317-e180-406c-8624-08dd0e3e640b"><testcase classname="tests.test_phase6_batchB" name="test_parties_list" time="1.140" /><testcase classname="tests.test_phase6_batchB" name="test_create_shipment_universal_defaults" time="0.463"><failure message="AssertionError: 422: {&quot;detail&quot;:[{&quot;type&quot;:&quot;literal_error&quot;,&quot;loc&quot;:[&quot;body&quot;,&quot;mode&quot;],&quot;msg&quot;:&quot;Input should be 'air', 'sea', 'land' or 'hand_carry'&quot;,&quot;input&quot;:&quot;informal&quot;,&quot;ctx&quot;:{&quot;expected&quot;:&quot;'air', 'sea', 'land' or 'hand_carry'&quot;},&quot;url&quot;:&quot;https://errors.pydantic.dev/2.13/v/literal_error&quot;}]}&#10;assert 422 in (200, 201)&#10; +  where 422 = &lt;Response [422]&gt;.status_code">backend/tests/test_phase6_batchB.py:74: in test_create_shipment_universal_defaults
    assert r.status_code in (200, 201), f"{r.status_code}: {r.text}"
E   AssertionError: 422: {"detail":[{"type":"literal_error","loc":["body","mode"],"msg":"Input should be 'air', 'sea', 'land' or 'hand_carry'","input":"informal","ctx":{"expected":"'air', 'sea', 'land' or 'hand_carry'"},"url":"https://errors.pydantic.dev/2.13/v/literal_error"}]}
E   assert 422 in (200, 201)
E    +  where 422 = &lt;Response [422]&gt;.status_code</failure></testcase><testcase classname="tests.test_phase6_batchB" name="test_create_shipment_missing_customer_rejected" time="0.269" /><testcase classname="tests.test_phase6_batchB" name="test_shipments_list_recent" time="0.306" /></testsuite></testsuites>