<?xml version="1.0" encoding="utf-8"?><testsuites name="pytest tests"><testsuite name="pytest" errors="0" failures="2" skipped="0" tests="3" time="1.702" timestamp="2026-08-13T09:28:36.284307+00:00" hostname="agent-env-9769a317-e180-406c-8624-08dd0e3e640b"><testcase classname="tests.test_phase5_fixes" name="test_put_party_meta_persists_carrier_rates" time="1.091"><failure message="AssertionError: PUT response missing 'carrier_rates' — got keys=['ok', 'party_id', 'notes', 'photo_url', 'updated_at']&#10;assert 'carrier_rates' in {'ok': True, 'party_id': 'd6cf889e-6239-49ae-9374-c614aba08503', 'notes': None, 'photo_url': None, ...}">backend/tests/test_phase5_fixes.py:58: in test_put_party_meta_persists_carrier_rates
    assert "carrier_rates" in data, (
E   AssertionError: PUT response missing 'carrier_rates' — got keys=['ok', 'party_id', 'notes', 'photo_url', 'updated_at']
E   assert 'carrier_rates' in {'ok': True, 'party_id': 'd6cf889e-6239-49ae-9374-c614aba08503', 'notes': None, 'photo_url': None, ...}</failure></testcase><testcase classname="tests.test_phase5_fixes" name="test_get_party_meta_returns_carrier_rates" time="0.108"><failure message="AssertionError: GET response missing 'carrier_rates' — got keys=['party_id', 'notes', 'photo_url', 'updated_at']. Backend PartyMeta model does not accept carrier_rates.&#10;assert 'carrier_rates' in {'party_id': 'd6cf889e-6239-49ae-9374-c614aba08503', 'notes': None, 'photo_url': None, 'updated_at': '2026-08-13T09:28:37.568190+00:00'}">backend/tests/test_phase5_fixes.py:73: in test_get_party_meta_returns_carrier_rates
    assert "carrier_rates" in data, (
E   AssertionError: GET response missing 'carrier_rates' — got keys=['party_id', 'notes', 'photo_url', 'updated_at']. Backend PartyMeta model does not accept carrier_rates.
E   assert 'carrier_rates' in {'party_id': 'd6cf889e-6239-49ae-9374-c614aba08503', 'notes': None, 'photo_url': None, 'updated_at': '2026-08-13T09:28:37.568190+00:00'}</failure></testcase><testcase classname="tests.test_phase5_fixes" name="test_health_and_login" time="0.203" /></testsuite></testsuites>