<?xml version="1.0" encoding="utf-8"?><testsuites name="pytest tests"><testsuite name="pytest" errors="0" failures="0" skipped="0" tests="10" time="159.360" timestamp="2026-08-10T19:53:57.655450+00:00" hostname="agent-env-dbcbf7b6-9073-4a67-9fa3-0923eb12ce6e"><testcase classname="tests.test_phaseC_final" name="test_broadcast_log_endpoint_exists" time="0.181" /><testcase classname="tests.test_phaseC_final" name="test_wingman_health" time="0.125" /><testcase classname="tests.test_phaseC_final" name="test_papa_shipments_scoped" time="1.034" /><testcase classname="tests.test_phaseC_final" name="test_kishan_shipments_all" time="0.576" /><testcase classname="tests.test_phaseC_final" name="test_shipments_fy_filter" time="0.230" /><testcase classname="tests.test_phaseC_final" name="test_stress_seed_parties" time="10.473" /><testcase classname="tests.test_phaseC_final" name="test_stress_seed_shipments" time="10.317" /><testcase classname="tests.test_phaseC_final" name="test_stress_seed_invoices" time="13.831" /><testcase classname="tests.test_phaseC_final" name="test_stress_seed_ledger" time="9.699" /><testcase classname="tests.test_phaseC_final" name="test_stress_cleanup" time="112.564" /></testsuite></testsuites>