<?xml version="1.0" encoding="utf-8"?><testsuites name="pytest tests"><testsuite name="pytest" errors="0" failures="0" skipped="0" tests="5" time="2.457" timestamp="2026-08-13T09:33:58.941114+00:00" hostname="agent-env-9769a317-e180-406c-8624-08dd0e3e640b"><testcase classname="tests.test_phase5_fixes" name="test_put_party_meta_persists_carrier_rates" time="1.155" /><testcase classname="tests.test_phase5_fixes" name="test_get_party_meta_returns_carrier_rates" time="0.133" /><testcase classname="tests.test_phase5_fixes" name="test_party_detail_merges_carrier_rates" time="0.187" /><testcase classname="tests.test_phase5_fixes" name="test_additive_set_partial_updates_do_not_blank_other_keys" time="0.490" /><testcase classname="tests.test_phase5_fixes" name="test_health_and_login" time="0.202" /></testsuite></testsuites>