<?xml version="1.0" encoding="utf-8"?><testsuites name="pytest tests"><testsuite name="pytest" errors="0" failures="0" skipped="0" tests="10" time="2.237" timestamp="2026-08-13T06:32:08.791562+00:00" hostname="agent-env-9769a317-e180-406c-8624-08dd0e3e640b"><testcase classname="tests.test_phase3_parties.TestPartyMetaOverlay" name="test_setup_party" time="1.047" /><testcase classname="tests.test_phase3_parties.TestPartyCreateWithLatLng" name="test_create_party_with_all_fields" time="1.051" /><testcase classname="tests.test_phase3_parties.TestPartyMetaOverlay" name="test_put_meta_stores_notes_and_photo" time="0.130" /><testcase classname="tests.test_phase3_parties.TestPartyCreateWithLatLng" name="test_get_party_returns_lat_lng" time="0.182" /><testcase classname="tests.test_phase3_parties.TestPartyMetaOverlay" name="test_get_party_merges_notes_and_photo" time="0.151" /><testcase classname="tests.test_phase3_parties.TestPartyCreateWithLatLng" name="test_create_party_name_only" time="0.191" /><testcase classname="tests.test_phase3_parties.TestPartyMetaOverlay" name="test_get_meta_direct" time="0.113" /><testcase classname="tests.test_phase3_parties.TestCompanyModeOmit" name="test_shipments_no_params_returns_all" time="0.159" /><testcase classname="tests.test_phase3_parties.TestCompanyModeOmit" name="test_shipments_only_company_id_awadh" time="0.153" /><testcase classname="tests.test_phase3_parties.TestCompanyModeOmit" name="test_shipments_full_filter" time="0.165" /></testsuite></testsuites>