<?xml version="1.0" encoding="utf-8"?><testsuites name="pytest tests"><testsuite name="pytest" errors="0" failures="0" skipped="0" tests="9" time="276.895" timestamp="2026-08-10T18:34:47.993362+00:00" hostname="agent-env-dbcbf7b6-9073-4a67-9fa3-0923eb12ce6e"><testcase classname="tests.test_phaseB_stress" name="test_seed_parties" time="24.672" /><testcase classname="tests.test_phaseB_stress" name="test_seed_items" time="28.903" /><testcase classname="tests.test_phaseB_stress" name="test_seed_shipments" time="57.579" /><testcase classname="tests.test_phaseB_stress" name="test_seed_invoices" time="52.802" /><testcase classname="tests.test_phaseB_stress" name="test_seed_ledger" time="99.828" /><testcase classname="tests.test_phaseB_stress" name="test_seed_trips" time="12.272" /><testcase classname="tests.test_phaseB_stress" name="test_fy_filter" time="0.310" /><testcase classname="tests.test_phaseB_stress" name="test_company_filter" time="0.190" /><testcase classname="tests.test_phaseB_stress" name="test_dump_counters" time="0.000" /></testsuite></testsuites>