<?xml version="1.0" encoding="utf-8"?><testsuites name="pytest tests"><testsuite name="pytest" errors="0" failures="0" skipped="0" tests="9" time="2.019" timestamp="2026-08-10T11:51:56.207635+00:00" hostname="agent-env-dbcbf7b6-9073-4a67-9fa3-0923eb12ce6e"><testcase classname="tests.test_realtime_voice.TestRealtimeToken" name="test_mint_ephemeral_token" time="0.948" /><testcase classname="tests.test_realtime_voice.TestVoiceCommand" name="test_get_summary" time="1.361" /><testcase classname="tests.test_realtime_voice.TestRealtimeToken" name="test_mint_without_page_defaults_to_dashboard" time="0.267" /><testcase classname="tests.test_realtime_voice.TestVoiceCommand" name="test_get_balance_existing_party" time="0.054" /><testcase classname="tests.test_realtime_voice.TestVoiceCommand" name="test_get_balance_missing_name_soft_fail" time="0.058" /><testcase classname="tests.test_realtime_voice.TestVoiceCommand" name="test_get_balance_unknown_party_soft_fail" time="0.055" /><testcase classname="tests.test_realtime_voice.TestVoiceCommand" name="test_get_shipments_pending" time="0.052" /><testcase classname="tests.test_realtime_voice.TestVoiceCommand" name="test_get_shipments_no_status_returns_all" time="0.058" /><testcase classname="tests.test_realtime_voice.TestVoiceCommand" name="test_unknown_action_soft_fail" time="0.057" /></testsuite></testsuites>