<?xml version="1.0" encoding="utf-8"?><testsuites name="pytest tests"><testsuite name="pytest" errors="0" failures="0" skipped="0" tests="9" time="2.070" timestamp="2026-08-07T21:05:23.622122+00:00" hostname="agent-env-84b5cdb2-c808-4c88-ab3c-66da93ccd729"><testcase classname="tests.test_smoke_endpoints.TestStressLeftover" name="test_no_leftover_shipments" time="0.242" /><testcase classname="tests.test_smoke_endpoints.TestBullion" name="test_rates" time="0.007" /><testcase classname="tests.test_smoke_endpoints.TestBullion" name="test_trip_create_get_delete" time="0.086" /><testcase classname="tests.test_smoke_endpoints.TestBullion" name="test_transaction_create_get_delete" time="0.086" /><testcase classname="tests.test_smoke_endpoints.TestBullion" name="test_zzz_cleanup" time="0.085" /><testcase classname="tests.test_smoke_endpoints.TestStressLeftover" name="test_no_leftover_ledger" time="0.075" /><testcase classname="tests.test_smoke_endpoints.TestWingman" name="test_health" time="0.042" /><testcase classname="tests.test_smoke_endpoints.TestWingman" name="test_carrier_update_roundtrip" time="1.442" /><testcase classname="tests.test_smoke_endpoints.TestStressLeftover" name="test_no_leftover_bullion_trips" time="0.003" /></testsuite></testsuites>